Engine::processInputQuery: Input query (before preprocessing): 110 equations, 994 variables
Engine::processInputQuery: Input query (after preprocessing): 210 equations, 1094 variables

Input bounds:
	x0: [  0.0000,   1.0000] 
	x1: [  0.0000,   1.0000] 
	x2: [  0.0000,   1.0000] 
	x3: [  0.0000,   1.0000] 
	x4: [  0.0000,   1.0000] 
	x5: [  0.0000,   1.0000] 
	x6: [  0.0000,   1.0000] 
	x7: [  0.0000,   1.0000] 
	x8: [  0.0000,   1.0000] 
	x9: [  0.0000,   1.0000] 
	x10: [  0.0000,   1.0000] 
	x11: [  0.0000,   1.0000] 
	x12: [  0.0000,   1.0000] 
	x13: [  0.0000,   1.0000] 
	x14: [  0.0000,   1.0000] 
	x15: [  0.0000,   1.0000] 
	x16: [  0.0000,   1.0000] 
	x17: [  0.0000,   1.0000] 
	x18: [  0.0000,   1.0000] 
	x19: [  0.0000,   1.0000] 
	x20: [  0.0000,   1.0000] 
	x21: [  0.0000,   1.0000] 
	x22: [  0.0000,   1.0000] 
	x23: [  0.0000,   1.0000] 
	x24: [  0.0000,   1.0000] 
	x25: [  0.0000,   1.0000] 
	x26: [  0.0000,   1.0000] 
	x27: [  0.0000,   1.0000] 
	x28: [  0.0000,   1.0000] 
	x29: [  0.0000,   1.0000] 
	x30: [  0.0000,   1.0000] 
	x31: [  0.0000,   1.0000] 
	x32: [  0.0000,   1.0000] 
	x33: [  0.0000,   1.0000] 
	x34: [  0.0000,   1.0000] 
	x35: [  0.0000,   1.0000] 
	x36: [  0.0000,   1.0000] 
	x37: [  0.0000,   1.0000] 
	x38: [  0.0000,   1.0000] 
	x39: [  0.0000,   1.0000] 
	x40: [  0.0000,   1.0000] 
	x41: [  0.0000,   1.0000] 
	x42: [  0.0000,   1.0000] 
	x43: [  0.0000,   1.0000] 
	x44: [  0.0000,   1.0000] 
	x45: [  0.0000,   1.0000] 
	x46: [  0.0000,   1.0000] 
	x47: [  0.0000,   1.0000] 
	x48: [  0.0000,   1.0000] 
	x49: [  0.0000,   1.0000] 
	x50: [  0.0000,   1.0000] 
	x51: [  0.0000,   1.0000] 
	x52: [  0.0000,   1.0000] 
	x53: [  0.0000,   1.0000] 
	x54: [  0.0000,   1.0000] 
	x55: [  0.0000,   1.0000] 
	x56: [  0.0000,   1.0000] 
	x57: [  0.0000,   1.0000] 
	x58: [  0.0000,   1.0000] 
	x59: [  0.0000,   1.0000] 
	x60: [  0.0000,   1.0000] 
	x61: [  0.0000,   1.0000] 
	x62: [  0.0000,   1.0000] 
	x63: [  0.0000,   1.0000] 
	x64: [  0.0000,   1.0000] 
	x65: [  0.0000,   1.0000] 
	x66: [  0.0000,   1.0000] 
	x67: [  0.0000,   1.0000] 
	x68: [  0.0000,   1.0000] 
	x69: [  0.0000,   1.0000] 
	x70: [  0.0000,   1.0000] 
	x71: [  0.0000,   1.0000] 
	x72: [  0.0000,   1.0000] 
	x73: [  0.0000,   1.0000] 
	x74: [  0.0000,   1.0000] 
	x75: [  0.0000,   1.0000] 
	x76: [  0.0000,   1.0000] 
	x77: [  0.0000,   1.0000] 
	x78: [  0.0000,   1.0000] 
	x79: [  0.0000,   1.0000] 
	x80: [  0.0000,   1.0000] 
	x81: [  0.0000,   1.0000] 
	x82: [  0.0000,   1.0000] 
	x83: [  0.0000,   1.0000] 
	x84: [  0.0000,   1.0000] 
	x85: [  0.0000,   1.0000] 
	x86: [  0.0000,   1.0000] 
	x87: [  0.0000,   1.0000] 
	x88: [  0.0000,   1.0000] 
	x89: [  0.0000,   1.0000] 
	x90: [  0.0000,   1.0000] 
	x91: [  0.0000,   1.0000] 
	x92: [  0.0000,   1.0000] 
	x93: [  0.0000,   1.0000] 
	x94: [  0.0000,   1.0000] 
	x95: [  0.0000,   1.0000] 
	x96: [  0.0000,   1.0000] 
	x97: [  0.0000,   1.0000] 
	x98: [  0.0000,   1.0000] 
	x99: [  0.0000,   1.0000] 
	x100: [  0.0000,   1.0000] 
	x101: [  0.0000,   1.0000] 
	x102: [  0.0000,   1.0000] 
	x103: [  0.0000,   1.0000] 
	x104: [  0.0000,   1.0000] 
	x105: [  0.0000,   1.0000] 
	x106: [  0.0000,   1.0000] 
	x107: [  0.0000,   1.0000] 
	x108: [  0.0000,   1.0000] 
	x109: [  0.0000,   1.0000] 
	x110: [  0.0000,   1.0000] 
	x111: [  0.0000,   1.0000] 
	x112: [  0.0000,   1.0000] 
	x113: [  0.0000,   1.0000] 
	x114: [  0.0000,   1.0000] 
	x115: [  0.0000,   1.0000] 
	x116: [  0.0000,   1.0000] 
	x117: [  0.0000,   1.0000] 
	x118: [  0.0000,   1.0000] 
	x119: [  0.0000,   1.0000] 
	x120: [  0.0000,   1.0000] 
	x121: [  0.0000,   1.0000] 
	x122: [  0.0000,   1.0000] 
	x123: [  0.0000,   1.0000] 
	x124: [  0.0000,   1.0000] 
	x125: [  0.0000,   1.0000] 
	x126: [  0.0000,   1.0000] 
	x127: [  0.0000,   1.0000] 
	x128: [  0.0000,   1.0000] 
	x129: [  0.0000,   1.0000] 
	x130: [  0.0000,   1.0000] 
	x131: [  0.0000,   1.0000] 
	x132: [  0.0000,   1.0000] 
	x133: [  0.0000,   1.0000] 
	x134: [  0.0000,   1.0000] 
	x135: [  0.0000,   1.0000] 
	x136: [  0.0000,   1.0000] 
	x137: [  0.0000,   1.0000] 
	x138: [  0.0000,   1.0000] 
	x139: [  0.0000,   1.0000] 
	x140: [  0.0000,   1.0000] 
	x141: [  0.0000,   1.0000] 
	x142: [  0.0000,   1.0000] 
	x143: [  0.0000,   1.0000] 
	x144: [  0.0000,   1.0000] 
	x145: [  0.0000,   1.0000] 
	x146: [  0.0000,   1.0000] 
	x147: [  0.0000,   1.0000] 
	x148: [  0.0000,   1.0000] 
	x149: [  0.0000,   1.0000] 
	x150: [  0.0000,   1.0000] 
	x151: [  0.0000,   1.0000] 
	x152: [  0.0000,   1.0000] 
	x153: [  0.0000,   1.0000] 
	x154: [  0.0000,   1.0000] 
	x155: [  0.0000,   1.0000] 
	x156: [  0.0000,   1.0000] 
	x157: [  0.0000,   1.0000] 
	x158: [  0.0000,   1.0000] 
	x159: [  0.0000,   1.0000] 
	x160: [  0.0000,   1.0000] 
	x161: [  0.0000,   1.0000] 
	x162: [  0.0000,   1.0000] 
	x163: [  0.0000,   1.0000] 
	x164: [  0.0000,   1.0000] 
	x165: [  0.0000,   1.0000] 
	x166: [  0.0000,   1.0000] 
	x167: [  0.0000,   1.0000] 
	x168: [  0.0000,   1.0000] 
	x169: [  0.0000,   1.0000] 
	x170: [  0.0000,   1.0000] 
	x171: [  0.0000,   1.0000] 
	x172: [  0.0000,   1.0000] 
	x173: [  0.0000,   1.0000] 
	x174: [  0.0000,   1.0000] 
	x175: [  0.0000,   1.0000] 
	x176: [  0.0000,   1.0000] 
	x177: [  0.0000,   1.0000] 
	x178: [  0.0000,   1.0000] 
	x179: [  0.0000,   1.0000] 
	x180: [  0.0000,   1.0000] 
	x181: [  0.0000,   1.0000] 
	x182: [  0.0000,   1.0000] 
	x183: [  0.0000,   1.0000] 
	x184: [  0.0000,   1.0000] 
	x185: [  0.0000,   1.0000] 
	x186: [  0.0000,   1.0000] 
	x187: [  0.0000,   1.0000] 
	x188: [  0.0000,   1.0000] 
	x189: [  0.0000,   1.0000] 
	x190: [  0.0000,   1.0000] 
	x191: [  0.0000,   1.0000] 
	x192: [  0.0000,   1.0000] 
	x193: [  0.0000,   1.0000] 
	x194: [  0.0000,   1.0000] 
	x195: [  0.0000,   1.0000] 
	x196: [  0.0000,   1.0000] 
	x197: [  0.0000,   1.0000] 
	x198: [  0.0000,   1.0000] 
	x199: [  0.0000,   1.0000] 
	x200: [  0.0000,   1.0000] 
	x201: [  0.0000,   1.0000] 
	x202: [  0.0000,   1.0000] 
	x203: [  0.0000,   1.0000] 
	x204: [  0.0000,   1.0000] 
	x205: [  0.0000,   1.0000] 
	x206: [  0.0000,   1.0000] 
	x207: [  0.0000,   1.0000] 
	x208: [  0.0000,   1.0000] 
	x209: [  0.0000,   1.0000] 
	x210: [  0.0000,   1.0000] 
	x211: [  0.0000,   1.0000] 
	x212: [  0.0000,   1.0000] 
	x213: [  0.0000,   1.0000] 
	x214: [  0.0000,   1.0000] 
	x215: [  0.0000,   1.0000] 
	x216: [  0.0000,   1.0000] 
	x217: [  0.0000,   1.0000] 
	x218: [  0.0000,   1.0000] 
	x219: [  0.0000,   1.0000] 
	x220: [  0.0000,   1.0000] 
	x221: [  0.0000,   1.0000] 
	x222: [  0.0000,   1.0000] 
	x223: [  0.0000,   1.0000] 
	x224: [  0.0000,   1.0000] 
	x225: [  0.0000,   1.0000] 
	x226: [  0.0000,   1.0000] 
	x227: [  0.0000,   1.0000] 
	x228: [  0.0000,   1.0000] 
	x229: [  0.0000,   1.0000] 
	x230: [  0.0000,   1.0000] 
	x231: [  0.0000,   1.0000] 
	x232: [  0.0000,   1.0000] 
	x233: [  0.0000,   1.0000] 
	x234: [  0.0000,   1.0000] 
	x235: [  0.0000,   1.0000] 
	x236: [  0.0000,   1.0000] 
	x237: [  0.0000,   1.0000] 
	x238: [  0.0000,   1.0000] 
	x239: [  0.0000,   1.0000] 
	x240: [  0.0000,   1.0000] 
	x241: [  0.0000,   1.0000] 
	x242: [  0.0000,   1.0000] 
	x243: [  0.0000,   1.0000] 
	x244: [  0.0000,   1.0000] 
	x245: [  0.0000,   1.0000] 
	x246: [  0.0000,   1.0000] 
	x247: [  0.0000,   1.0000] 
	x248: [  0.0000,   1.0000] 
	x249: [  0.0000,   1.0000] 
	x250: [  0.0000,   1.0000] 
	x251: [  0.0000,   1.0000] 
	x252: [  0.0000,   1.0000] 
	x253: [  0.0000,   1.0000] 
	x254: [  0.0000,   1.0000] 
	x255: [  0.0000,   1.0000] 
	x256: [  0.0000,   1.0000] 
	x257: [  0.0000,   1.0000] 
	x258: [  0.0000,   1.0000] 
	x259: [  0.0000,   1.0000] 
	x260: [  0.0000,   1.0000] 
	x261: [  0.0000,   1.0000] 
	x262: [  0.0000,   1.0000] 
	x263: [  0.0000,   1.0000] 
	x264: [  0.0000,   1.0000] 
	x265: [  0.0000,   1.0000] 
	x266: [  0.0000,   1.0000] 
	x267: [  0.0000,   1.0000] 
	x268: [  0.0000,   1.0000] 
	x269: [  0.0000,   1.0000] 
	x270: [  0.0000,   1.0000] 
	x271: [  0.0000,   1.0000] 
	x272: [  0.0000,   1.0000] 
	x273: [  0.0000,   1.0000] 
	x274: [  0.0000,   1.0000] 
	x275: [  0.0000,   1.0000] 
	x276: [  0.0000,   1.0000] 
	x277: [  0.0000,   1.0000] 
	x278: [  0.0000,   1.0000] 
	x279: [  0.0000,   1.0000] 
	x280: [  0.0000,   1.0000] 
	x281: [  0.0000,   1.0000] 
	x282: [  0.0000,   1.0000] 
	x283: [  0.0000,   1.0000] 
	x284: [  0.0000,   1.0000] 
	x285: [  0.0000,   1.0000] 
	x286: [  0.0000,   1.0000] 
	x287: [  0.0000,   1.0000] 
	x288: [  0.0000,   1.0000] 
	x289: [  0.0000,   1.0000] 
	x290: [  0.0000,   1.0000] 
	x291: [  0.0000,   1.0000] 
	x292: [  0.0000,   1.0000] 
	x293: [  0.0000,   1.0000] 
	x294: [  0.0000,   1.0000] 
	x295: [  0.0000,   1.0000] 
	x296: [  0.0000,   1.0000] 
	x297: [  0.0000,   1.0000] 
	x298: [  0.0000,   1.0000] 
	x299: [  0.0000,   1.0000] 
	x300: [  0.0000,   1.0000] 
	x301: [  0.0000,   1.0000] 
	x302: [  0.0000,   1.0000] 
	x303: [  0.0000,   1.0000] 
	x304: [  0.0000,   1.0000] 
	x305: [  0.0000,   1.0000] 
	x306: [  0.0000,   1.0000] 
	x307: [  0.0000,   1.0000] 
	x308: [  0.0000,   1.0000] 
	x309: [  0.0000,   1.0000] 
	x310: [  0.0000,   1.0000] 
	x311: [  0.0000,   1.0000] 
	x312: [  0.0000,   1.0000] 
	x313: [  0.0000,   1.0000] 
	x314: [  0.0000,   1.0000] 
	x315: [  0.0000,   1.0000] 
	x316: [  0.0000,   1.0000] 
	x317: [  0.0000,   1.0000] 
	x318: [  0.0000,   1.0000] 
	x319: [  0.0000,   1.0000] 
	x320: [  0.0000,   1.0000] 
	x321: [  0.0000,   1.0000] 
	x322: [  0.0000,   1.0000] 
	x323: [  0.0000,   1.0000] 
	x324: [  0.0000,   1.0000] 
	x325: [  0.0000,   1.0000] 
	x326: [  0.0000,   1.0000] 
	x327: [  0.0000,   1.0000] 
	x328: [  0.0000,   1.0000] 
	x329: [  0.0000,   1.0000] 
	x330: [  0.0000,   1.0000] 
	x331: [  0.0000,   1.0000] 
	x332: [  0.0000,   1.0000] 
	x333: [  0.0000,   1.0000] 
	x334: [  0.0000,   1.0000] 
	x335: [  0.0000,   1.0000] 
	x336: [  0.0000,   1.0000] 
	x337: [  0.0000,   1.0000] 
	x338: [  0.0000,   1.0000] 
	x339: [  0.0000,   1.0000] 
	x340: [  0.0000,   1.0000] 
	x341: [  0.0000,   1.0000] 
	x342: [  0.0000,   1.0000] 
	x343: [  0.0000,   1.0000] 
	x344: [  0.0000,   1.0000] 
	x345: [  0.0000,   1.0000] 
	x346: [  0.0000,   1.0000] 
	x347: [  0.0000,   1.0000] 
	x348: [  0.0000,   1.0000] 
	x349: [  0.0000,   1.0000] 
	x350: [  0.0000,   1.0000] 
	x351: [  0.0000,   1.0000] 
	x352: [  0.0000,   1.0000] 
	x353: [  0.0000,   1.0000] 
	x354: [  0.0000,   1.0000] 
	x355: [  0.0000,   1.0000] 
	x356: [  0.0000,   1.0000] 
	x357: [  0.0000,   1.0000] 
	x358: [  0.0000,   1.0000] 
	x359: [  0.0000,   1.0000] 
	x360: [  0.0000,   1.0000] 
	x361: [  0.0000,   1.0000] 
	x362: [  0.0000,   1.0000] 
	x363: [  0.0000,   1.0000] 
	x364: [  0.0000,   1.0000] 
	x365: [  0.0000,   1.0000] 
	x366: [  0.0000,   1.0000] 
	x367: [  0.0000,   1.0000] 
	x368: [  0.0000,   1.0000] 
	x369: [  0.0000,   1.0000] 
	x370: [  0.0000,   1.0000] 
	x371: [  0.0000,   1.0000] 
	x372: [  0.0000,   1.0000] 
	x373: [  0.0000,   1.0000] 
	x374: [  0.0000,   1.0000] 
	x375: [  0.0000,   1.0000] 
	x376: [  0.0000,   1.0000] 
	x377: [  0.0000,   1.0000] 
	x378: [  0.0000,   1.0000] 
	x379: [  0.0000,   1.0000] 
	x380: [  0.0000,   1.0000] 
	x381: [  0.0000,   1.0000] 
	x382: [  0.0000,   1.0000] 
	x383: [  0.0000,   1.0000] 
	x384: [  0.0000,   1.0000] 
	x385: [  0.0000,   1.0000] 
	x386: [  0.0000,   1.0000] 
	x387: [  0.0000,   1.0000] 
	x388: [  0.0000,   1.0000] 
	x389: [  0.0000,   1.0000] 
	x390: [  0.0000,   1.0000] 
	x391: [  0.0000,   1.0000] 
	x392: [  0.0000,   1.0000] 
	x393: [  0.0000,   1.0000] 
	x394: [  0.0000,   1.0000] 
	x395: [  0.0000,   1.0000] 
	x396: [  0.0000,   1.0000] 
	x397: [  0.0000,   1.0000] 
	x398: [  0.0000,   1.0000] 
	x399: [  0.0000,   1.0000] 
	x400: [  0.0000,   1.0000] 
	x401: [  0.0000,   1.0000] 
	x402: [  0.0000,   1.0000] 
	x403: [  0.0000,   1.0000] 
	x404: [  0.0000,   1.0000] 
	x405: [  0.0000,   1.0000] 
	x406: [  0.0000,   1.0000] 
	x407: [  0.0000,   1.0000] 
	x408: [  0.0000,   1.0000] 
	x409: [  0.0000,   1.0000] 
	x410: [  0.0000,   1.0000] 
	x411: [  0.0000,   1.0000] 
	x412: [  0.0000,   1.0000] 
	x413: [  0.0000,   1.0000] 
	x414: [  0.0000,   1.0000] 
	x415: [  0.0000,   1.0000] 
	x416: [  0.0000,   1.0000] 
	x417: [  0.0000,   1.0000] 
	x418: [  0.0000,   1.0000] 
	x419: [  0.0000,   1.0000] 
	x420: [  0.0000,   1.0000] 
	x421: [  0.0000,   1.0000] 
	x422: [  0.0000,   1.0000] 
	x423: [  0.0000,   1.0000] 
	x424: [  0.0000,   1.0000] 
	x425: [  0.0000,   1.0000] 
	x426: [  0.0000,   1.0000] 
	x427: [  0.0000,   1.0000] 
	x428: [  0.0000,   1.0000] 
	x429: [  0.0000,   1.0000] 
	x430: [  0.0000,   1.0000] 
	x431: [  0.0000,   1.0000] 
	x432: [  0.0000,   1.0000] 
	x433: [  0.0000,   1.0000] 
	x434: [  0.0000,   1.0000] 
	x435: [  0.0000,   1.0000] 
	x436: [  0.0000,   1.0000] 
	x437: [  0.0000,   1.0000] 
	x438: [  0.0000,   1.0000] 
	x439: [  0.0000,   1.0000] 
	x440: [  0.0000,   1.0000] 
	x441: [  0.0000,   1.0000] 
	x442: [  0.0000,   1.0000] 
	x443: [  0.0000,   1.0000] 
	x444: [  0.0000,   1.0000] 
	x445: [  0.0000,   1.0000] 
	x446: [  0.0000,   1.0000] 
	x447: [  0.0000,   1.0000] 
	x448: [  0.0000,   1.0000] 
	x449: [  0.0000,   1.0000] 
	x450: [  0.0000,   1.0000] 
	x451: [  0.0000,   1.0000] 
	x452: [  0.0000,   1.0000] 
	x453: [  0.0000,   1.0000] 
	x454: [  0.0000,   1.0000] 
	x455: [  0.0000,   1.0000] 
	x456: [  0.0000,   1.0000] 
	x457: [  0.0000,   1.0000] 
	x458: [  0.0000,   1.0000] 
	x459: [  0.0000,   1.0000] 
	x460: [  0.0000,   1.0000] 
	x461: [  0.0000,   1.0000] 
	x462: [  0.0000,   1.0000] 
	x463: [  0.0000,   1.0000] 
	x464: [  0.0000,   1.0000] 
	x465: [  0.0000,   1.0000] 
	x466: [  0.0000,   1.0000] 
	x467: [  0.0000,   1.0000] 
	x468: [  0.0000,   1.0000] 
	x469: [  0.0000,   1.0000] 
	x470: [  0.0000,   1.0000] 
	x471: [  0.0000,   1.0000] 
	x472: [  0.0000,   1.0000] 
	x473: [  0.0000,   1.0000] 
	x474: [  0.0000,   1.0000] 
	x475: [  0.0000,   1.0000] 
	x476: [  0.0000,   1.0000] 
	x477: [  0.0000,   1.0000] 
	x478: [  0.0000,   1.0000] 
	x479: [  0.0000,   1.0000] 
	x480: [  0.0000,   1.0000] 
	x481: [  0.0000,   1.0000] 
	x482: [  0.0000,   1.0000] 
	x483: [  0.0000,   1.0000] 
	x484: [  0.0000,   1.0000] 
	x485: [  0.0000,   1.0000] 
	x486: [  0.0000,   1.0000] 
	x487: [  0.0000,   1.0000] 
	x488: [  0.0000,   1.0000] 
	x489: [  0.0000,   1.0000] 
	x490: [  0.0000,   1.0000] 
	x491: [  0.0000,   1.0000] 
	x492: [  0.0000,   1.0000] 
	x493: [  0.0000,   1.0000] 
	x494: [  0.0000,   1.0000] 
	x495: [  0.0000,   1.0000] 
	x496: [  0.0000,   1.0000] 
	x497: [  0.0000,   1.0000] 
	x498: [  0.0000,   1.0000] 
	x499: [  0.0000,   1.0000] 
	x500: [  0.0000,   1.0000] 
	x501: [  0.0000,   1.0000] 
	x502: [  0.0000,   1.0000] 
	x503: [  0.0000,   1.0000] 
	x504: [  0.0000,   1.0000] 
	x505: [  0.0000,   1.0000] 
	x506: [  0.0000,   1.0000] 
	x507: [  0.0000,   1.0000] 
	x508: [  0.0000,   1.0000] 
	x509: [  0.0000,   1.0000] 
	x510: [  0.0000,   1.0000] 
	x511: [  0.0000,   1.0000] 
	x512: [  0.0000,   1.0000] 
	x513: [  0.0000,   1.0000] 
	x514: [  0.0000,   1.0000] 
	x515: [  0.0000,   1.0000] 
	x516: [  0.0000,   1.0000] 
	x517: [  0.0000,   1.0000] 
	x518: [  0.0000,   1.0000] 
	x519: [  0.0000,   1.0000] 
	x520: [  0.0000,   1.0000] 
	x521: [  0.0000,   1.0000] 
	x522: [  0.0000,   1.0000] 
	x523: [  0.0000,   1.0000] 
	x524: [  0.0000,   1.0000] 
	x525: [  0.0000,   1.0000] 
	x526: [  0.0000,   1.0000] 
	x527: [  0.0000,   1.0000] 
	x528: [  0.0000,   1.0000] 
	x529: [  0.0000,   1.0000] 
	x530: [  0.0000,   1.0000] 
	x531: [  0.0000,   1.0000] 
	x532: [  0.0000,   1.0000] 
	x533: [  0.0000,   1.0000] 
	x534: [  0.0000,   1.0000] 
	x535: [  0.0000,   1.0000] 
	x536: [  0.0000,   1.0000] 
	x537: [  0.0000,   1.0000] 
	x538: [  0.0000,   1.0000] 
	x539: [  0.0000,   1.0000] 
	x540: [  0.0000,   1.0000] 
	x541: [  0.0000,   1.0000] 
	x542: [  0.0000,   1.0000] 
	x543: [  0.0000,   1.0000] 
	x544: [  0.0000,   1.0000] 
	x545: [  0.0000,   1.0000] 
	x546: [  0.0000,   1.0000] 
	x547: [  0.0000,   1.0000] 
	x548: [  0.0000,   1.0000] 
	x549: [  0.0000,   1.0000] 
	x550: [  0.0000,   1.0000] 
	x551: [  0.0000,   1.0000] 
	x552: [  0.0000,   1.0000] 
	x553: [  0.0000,   1.0000] 
	x554: [  0.0000,   1.0000] 
	x555: [  0.0000,   1.0000] 
	x556: [  0.0000,   1.0000] 
	x557: [  0.0000,   1.0000] 
	x558: [  0.0000,   1.0000] 
	x559: [  0.0000,   1.0000] 
	x560: [  0.0000,   1.0000] 
	x561: [  0.0000,   1.0000] 
	x562: [  0.0000,   1.0000] 
	x563: [  0.0000,   1.0000] 
	x564: [  0.0000,   1.0000] 
	x565: [  0.0000,   1.0000] 
	x566: [  0.0000,   1.0000] 
	x567: [  0.0000,   1.0000] 
	x568: [  0.0000,   1.0000] 
	x569: [  0.0000,   1.0000] 
	x570: [  0.0000,   1.0000] 
	x571: [  0.0000,   1.0000] 
	x572: [  0.0000,   1.0000] 
	x573: [  0.0000,   1.0000] 
	x574: [  0.0000,   1.0000] 
	x575: [  0.0000,   1.0000] 
	x576: [  0.0000,   1.0000] 
	x577: [  0.0000,   1.0000] 
	x578: [  0.0000,   1.0000] 
	x579: [  0.0000,   1.0000] 
	x580: [  0.0000,   1.0000] 
	x581: [  0.0000,   1.0000] 
	x582: [  0.0000,   1.0000] 
	x583: [  0.0000,   1.0000] 
	x584: [  0.0000,   1.0000] 
	x585: [  0.0000,   1.0000] 
	x586: [  0.0000,   1.0000] 
	x587: [  0.0000,   1.0000] 
	x588: [  0.0000,   1.0000] 
	x589: [  0.0000,   1.0000] 
	x590: [  0.0000,   1.0000] 
	x591: [  0.0000,   1.0000] 
	x592: [  0.0000,   1.0000] 
	x593: [  0.0000,   1.0000] 
	x594: [  0.0000,   1.0000] 
	x595: [  0.0000,   1.0000] 
	x596: [  0.0000,   1.0000] 
	x597: [  0.0000,   1.0000] 
	x598: [  0.0000,   1.0000] 
	x599: [  0.0000,   1.0000] 
	x600: [  0.0000,   1.0000] 
	x601: [  0.0000,   1.0000] 
	x602: [  0.0000,   1.0000] 
	x603: [  0.0000,   1.0000] 
	x604: [  0.0000,   1.0000] 
	x605: [  0.0000,   1.0000] 
	x606: [  0.0000,   1.0000] 
	x607: [  0.0000,   1.0000] 
	x608: [  0.0000,   1.0000] 
	x609: [  0.0000,   1.0000] 
	x610: [  0.0000,   1.0000] 
	x611: [  0.0000,   1.0000] 
	x612: [  0.0000,   1.0000] 
	x613: [  0.0000,   1.0000] 
	x614: [  0.0000,   1.0000] 
	x615: [  0.0000,   1.0000] 
	x616: [  0.0000,   1.0000] 
	x617: [  0.0000,   1.0000] 
	x618: [  0.0000,   1.0000] 
	x619: [  0.0000,   1.0000] 
	x620: [  0.0000,   1.0000] 
	x621: [  0.0000,   1.0000] 
	x622: [  0.0000,   1.0000] 
	x623: [  0.0000,   1.0000] 
	x624: [  0.0000,   1.0000] 
	x625: [  0.0000,   1.0000] 
	x626: [  0.0000,   1.0000] 
	x627: [  0.0000,   1.0000] 
	x628: [  0.0000,   1.0000] 
	x629: [  0.0000,   1.0000] 
	x630: [  0.0000,   1.0000] 
	x631: [  0.0000,   1.0000] 
	x632: [  0.0000,   1.0000] 
	x633: [  0.0000,   1.0000] 
	x634: [  0.0000,   1.0000] 
	x635: [  0.0000,   1.0000] 
	x636: [  0.0000,   1.0000] 
	x637: [  0.0000,   1.0000] 
	x638: [  0.0000,   1.0000] 
	x639: [  0.0000,   1.0000] 
	x640: [  0.0000,   1.0000] 
	x641: [  0.0000,   1.0000] 
	x642: [  0.0000,   1.0000] 
	x643: [  0.0000,   1.0000] 
	x644: [  0.0000,   1.0000] 
	x645: [  0.0000,   1.0000] 
	x646: [  0.0000,   1.0000] 
	x647: [  0.0000,   1.0000] 
	x648: [  0.0000,   1.0000] 
	x649: [  0.0000,   1.0000] 
	x650: [  0.0000,   1.0000] 
	x651: [  0.0000,   1.0000] 
	x652: [  0.0000,   1.0000] 
	x653: [  0.0000,   1.0000] 
	x654: [  0.0000,   1.0000] 
	x655: [  0.0000,   1.0000] 
	x656: [  0.0000,   1.0000] 
	x657: [  0.0000,   1.0000] 
	x658: [  0.0000,   1.0000] 
	x659: [  0.0000,   1.0000] 
	x660: [  0.0000,   1.0000] 
	x661: [  0.0000,   1.0000] 
	x662: [  0.0000,   1.0000] 
	x663: [  0.0000,   1.0000] 
	x664: [  0.0000,   1.0000] 
	x665: [  0.0000,   1.0000] 
	x666: [  0.0000,   1.0000] 
	x667: [  0.0000,   1.0000] 
	x668: [  0.0000,   1.0000] 
	x669: [  0.0000,   1.0000] 
	x670: [  0.0000,   1.0000] 
	x671: [  0.0000,   1.0000] 
	x672: [  0.0000,   1.0000] 
	x673: [  0.0000,   1.0000] 
	x674: [  0.0000,   1.0000] 
	x675: [  0.0000,   1.0000] 
	x676: [  0.0000,   1.0000] 
	x677: [  0.0000,   1.0000] 
	x678: [  0.0000,   1.0000] 
	x679: [  0.0000,   1.0000] 
	x680: [  0.0000,   1.0000] 
	x681: [  0.0000,   1.0000] 
	x682: [  0.0000,   1.0000] 
	x683: [  0.0000,   1.0000] 
	x684: [  0.0000,   1.0000] 
	x685: [  0.0000,   1.0000] 
	x686: [  0.0000,   1.0000] 
	x687: [  0.0000,   1.0000] 
	x688: [  0.0000,   1.0000] 
	x689: [  0.0000,   1.0000] 
	x690: [  0.0000,   1.0000] 
	x691: [  0.0000,   1.0000] 
	x692: [  0.0000,   1.0000] 
	x693: [  0.0000,   1.0000] 
	x694: [  0.0000,   1.0000] 
	x695: [  0.0000,   1.0000] 
	x696: [  0.0000,   1.0000] 
	x697: [  0.0000,   1.0000] 
	x698: [  0.0000,   1.0000] 
	x699: [  0.0000,   1.0000] 
	x700: [  0.0000,   1.0000] 
	x701: [  0.0000,   1.0000] 
	x702: [  0.0000,   1.0000] 
	x703: [  0.0000,   1.0000] 
	x704: [  0.0000,   1.0000] 
	x705: [  0.0000,   1.0000] 
	x706: [  0.0000,   1.0000] 
	x707: [  0.0000,   1.0000] 
	x708: [  0.0000,   1.0000] 
	x709: [  0.0000,   1.0000] 
	x710: [  0.0000,   1.0000] 
	x711: [  0.0000,   1.0000] 
	x712: [  0.0000,   1.0000] 
	x713: [  0.0000,   1.0000] 
	x714: [  0.0000,   1.0000] 
	x715: [  0.0000,   1.0000] 
	x716: [  0.0000,   1.0000] 
	x717: [  0.0000,   1.0000] 
	x718: [  0.0000,   1.0000] 
	x719: [  0.0000,   1.0000] 
	x720: [  0.0000,   1.0000] 
	x721: [  0.0000,   1.0000] 
	x722: [  0.0000,   1.0000] 
	x723: [  0.0000,   1.0000] 
	x724: [  0.0000,   1.0000] 
	x725: [  0.0000,   1.0000] 
	x726: [  0.0000,   1.0000] 
	x727: [  0.0000,   1.0000] 
	x728: [  0.0000,   1.0000] 
	x729: [  0.0000,   1.0000] 
	x730: [  0.0000,   1.0000] 
	x731: [  0.0000,   1.0000] 
	x732: [  0.0000,   1.0000] 
	x733: [  0.0000,   1.0000] 
	x734: [  0.0000,   1.0000] 
	x735: [  0.0000,   1.0000] 
	x736: [  0.0000,   1.0000] 
	x737: [  0.0000,   1.0000] 
	x738: [  0.0000,   1.0000] 
	x739: [  0.0000,   1.0000] 
	x740: [  0.0000,   1.0000] 
	x741: [  0.0000,   1.0000] 
	x742: [  0.0000,   1.0000] 
	x743: [  0.0000,   1.0000] 
	x744: [  0.0000,   1.0000] 
	x745: [  0.0000,   1.0000] 
	x746: [  0.0000,   1.0000] 
	x747: [  0.0000,   1.0000] 
	x748: [  0.0000,   1.0000] 
	x749: [  0.0000,   1.0000] 
	x750: [  0.0000,   1.0000] 
	x751: [  0.0000,   1.0000] 
	x752: [  0.0000,   1.0000] 
	x753: [  0.0000,   1.0000] 
	x754: [  0.0000,   1.0000] 
	x755: [  0.0000,   1.0000] 
	x756: [  0.0000,   1.0000] 
	x757: [  0.0000,   1.0000] 
	x758: [  0.0000,   1.0000] 
	x759: [  0.0000,   1.0000] 
	x760: [  0.0000,   1.0000] 
	x761: [  0.0000,   1.0000] 
	x762: [  0.0000,   1.0000] 
	x763: [  0.0000,   1.0000] 
	x764: [  0.0000,   1.0000] 
	x765: [  0.0000,   1.0000] 
	x766: [  0.0000,   1.0000] 
	x767: [  0.0000,   1.0000] 
	x768: [  0.0000,   1.0000] 
	x769: [  0.0000,   1.0000] 
	x770: [  0.0000,   1.0000] 
	x771: [  0.0000,   1.0000] 
	x772: [  0.0000,   1.0000] 
	x773: [  0.0000,   1.0000] 
	x774: [  0.0000,   1.0000] 
	x775: [  0.0000,   1.0000] 
	x776: [  0.0000,   1.0000] 
	x777: [  0.0000,   1.0000] 
	x778: [  0.0000,   1.0000] 
	x779: [  0.0000,   1.0000] 
	x780: [  0.0000,   1.0000] 
	x781: [  0.0000,   1.0000] 
	x782: [  0.0000,   1.0000] 
	x783: [  0.0000,   1.0000] 

Branching heuristics set to PseudoImpact

Engine::solve: Initial statistics

14:44:45 Statistics update:
	--- Time Statistics ---
	Total time elapsed: 27 milli (00:00:00)
		Main loop: 0 milli (00:00:00)
		Preprocessing time: 27 milli (00:00:00)
		Unknown: 0 milli (00:00:00)
	Breakdown for main loop:
		[0.00%] Simplex steps: 0 milli
		[0.00%] Explicit-basis bound tightening: 0 milli
		[0.00%] Constraint-matrix bound tightening: 0 milli
		[0.00%] Degradation checking: 0 milli
		[0.00%] Precision restoration: 0 milli
		[0.00%] Statistics handling: 0 milli
		[0.00%] Constraint-fixing steps: 0 milli
		[0.00%] Valid case splits: 0 milli. Average per split: 0.00 milli
		[0.00%] Applying stored bound-tightening: 0 milli
		[0.00%] SMT core: 0 milli
		[0.00%] Symbolic Bound Tightening: 5 milli
		[0.00%] SoI-based local search: 0 milli
		[0.00%] SoI-based local search: 0 milli
		[0.00%] Unaccounted for: 0 milli
	--- Preprocessor Statistics ---
	Number of preprocessor bound-tightening loop iterations: 13
	Number of eliminated variables: 0
	Number of constraints removed due to variable elimination: 0
	Number of equations removed due to variable elimination: 0
	--- Engine Statistics ---
	Number of main loop iterations: 1
		0 iterations were simplex steps. Total time: 0 milli. Average: 0.00 milli.
		0 iterations were constraint-fixing steps. Total time: 0 milli. Average: 0.00 milli
	Number of active piecewise-linear constraints: 884 / 884
		Constraints disabled by valid splits: 0. By SMT-originated splits: 0
	Last reported degradation: 0.0000000000. Max degradation so far: 0.0000000000. Restorations so far: 0
	Number of simplex pivots we attempted to skip because of instability: 0.
	Unstable pivots performed anyway: 0
	--- Tableau Statistics ---
	Total number of pivots performed: 0
		Real pivots: 0. Degenerate: 0 (0.00%)
		Degenerate pivots by request (e.g., to fix a PL constraint): 0 (0.00%)
		Average time per pivot: 0.00 milli
	Total number of fake pivots performed: 0
	Total number of rows added: 0. Number of merged columns: 0
	Current tableau dimensions: M = 210, N = 1304
	--- SMT Core Statistics ---
	Total depth is 0. Total visited states: 1. Number of splits: 0. Number of pops: 0
	Max stack depth: 0
	--- Bound Tightening Statistics ---
	Number of tightened bounds: 0.
		Number of rows examined by row tightener: 0. Consequent tightenings: 0
		Number of explicit basis matrices examined by row tightener: 0. Consequent tightenings: 0
		Number of bound tightening rounds on the entire constraint matrix: 0. Consequent tightenings: 0
		Number of bound notifications sent to PL constraints: 2168. Tightenings proposed: 0
	--- Basis Factorization statistics ---
	Number of basis refactorizations: 2
	--- Projected Steepest Edge Statistics ---
	Number of iterations: 0.
	Number of resets to reference space: 1. Avg. iterations per reset: 0
	--- SBT ---
	Number of tightened bounds: 284
	--- SoI-based local search ---
	Number of proposed phase pattern update: 0. Number of accepted update: 0 [0.00%]
	Total time (% of local search time) updating SoI phase pattern : 0 milli [0.00%]
	Total time obtaining current assignment: 0 milli [0.00%]
	Total time getting SoI phase pattern : 0 milli [0.00%]
	--- Context dependent statistics ---
	Number of pushes / pops: 0 / 0
		[0.00%] Pre-Push hook: 0 milli
		[0.00%] Push : 0 milli
		[0.00%] Post-Pop hook: 0 milli
		[0.00%] Pop : 0 milli
		[0.00%] Total context-switching time: 0 milli
	--- Proof Certificate ---
	Number of certified leaves: 0
	Number of leaves to delegate: 0

---
Before declaring sat, recomputing...

Engine::solve: sat assignment found

14:44:48 Statistics update:
	--- Time Statistics ---
	Total time elapsed: 3060 milli (00:00:03)
		Main loop: 3031 milli (00:00:03)
		Preprocessing time: 27 milli (00:00:00)
		Unknown: 0 milli (00:00:00)
	Breakdown for main loop:
		[5.87%] Simplex steps: 178 milli
		[3.12%] Explicit-basis bound tightening: 94 milli
		[0.00%] Constraint-matrix bound tightening: 0 milli
		[0.12%] Degradation checking: 3 milli
		[0.00%] Precision restoration: 0 milli
		[0.19%] Statistics handling: 5 milli
		[0.00%] Constraint-fixing steps: 0 milli
		[0.18%] Valid case splits: 5 milli. Average per split: 0.00 milli
		[0.20%] Applying stored bound-tightening: 6 milli
		[6.73%] SMT core: 203 milli
		[77.46%] Symbolic Bound Tightening: 2348 milli
		[7.27%] SoI-based local search: 220 milli
		[0.00%] SoI-based local search: 0 milli
		[6.14%] Unaccounted for: 186 milli
	--- Preprocessor Statistics ---
	Number of preprocessor bound-tightening loop iterations: 13
	Number of eliminated variables: 0
	Number of constraints removed due to variable elimination: 0
	Number of equations removed due to variable elimination: 0
	--- Engine Statistics ---
	Number of main loop iterations: 3522
		2349 iterations were simplex steps. Total time: 178 milli. Average: 0.08 milli.
		0 iterations were constraint-fixing steps. Total time: 0 milli. Average: 0.00 milli
	Number of active piecewise-linear constraints: 299 / 884
		Constraints disabled by valid splits: 0. By SMT-originated splits: 585
	Last reported degradation: 0.0000000000. Max degradation so far: 0.0000000000. Restorations so far: 0
	Number of simplex pivots we attempted to skip because of instability: 0.
	Unstable pivots performed anyway: 0
	--- Tableau Statistics ---
	Total number of pivots performed: 1260
		Real pivots: 1260. Degenerate: 0 (0.00%)
		Degenerate pivots by request (e.g., to fix a PL constraint): 0 (0.00%)
		Average time per pivot: 0.01 milli
	Total number of fake pivots performed: 0
	Total number of rows added: 0. Number of merged columns: 0
	Current tableau dimensions: M = 210, N = 1304
	--- SMT Core Statistics ---
	Total depth is 585. Total visited states: 586. Number of splits: 585. Number of pops: 0
	Max stack depth: 585
	--- Bound Tightening Statistics ---
	Number of tightened bounds: 117358.
		Number of rows examined by row tightener: 1260. Consequent tightenings: 1
		Number of explicit basis matrices examined by row tightener: 19. Consequent tightenings: 66
		Number of bound tightening rounds on the entire constraint matrix: 0. Consequent tightenings: 0
		Number of bound notifications sent to PL constraints: 291215. Tightenings proposed: 0
	--- Basis Factorization statistics ---
	Number of basis refactorizations: 12
	--- Projected Steepest Edge Statistics ---
	Number of iterations: 1260.
	Number of resets to reference space: 2. Avg. iterations per reset: 630
	--- SBT ---
	Number of tightened bounds: 117642
	--- SoI-based local search ---
	Number of proposed phase pattern update: 0. Number of accepted update: 585 [0.00%]
	Total time (% of local search time) updating SoI phase pattern : 69864 milli [31.71%]
	Total time obtaining current assignment: 58927 milli [26.74%]
	Total time getting SoI phase pattern : 10150 milli [0.33%]
	--- Context dependent statistics ---
	Number of pushes / pops: 585 / 0
		[0.42%] Pre-Push hook: 12 milli
		[0.00%] Push : 0 milli
		[0.00%] Post-Pop hook: 0 milli
		[0.00%] Pop : 0 milli
		[0.42%] Total context-switching time: 12 milli
	--- Proof Certificate ---
	Number of certified leaves: 0
	Number of leaves to delegate: 0
